[34mAuto commit by fitlog[0m
Running with args:Namespace(batch_size=128, cuda=True, data_dir='../../data', data_src='all_data', dropout=0.3, embed_size=128, epochs=4, gpu='1', hidden_size=128, learning_rate=0.001, log_path='./run_records.log', max_seq_len=500, min_count=10, model='CNNText', model_dir='../../data/models', model_suffix='essay_is_exciting', num_layers=2, optim='Adam', patience=2, predict=False, prepare=True, prepare_dir='../../data/prepare/', pretrain=False, pretrain_model='None', reload_model_name='best_LSTMText_accuracy_2019-06-14-04-01-48', result_dir='../../data/results/', show_data=False, target_var='is_exciting', text_var='essay', train=True, vocab_data='vocab_essay_is_exciting.data', vocab_dir='../../data/vocab', weight_decay=0.0)
Checking the data files...
Checking the data files...
[34mAuto commit by fitlog[0m
Running with args:Namespace(batch_size=128, cuda=True, data_dir='../../data', data_src='all_data', dropout=0.3, embed_size=128, epochs=4, gpu='1', hidden_size=128, learning_rate=0.001, log_path='./run_records.log', max_seq_len=500, min_count=10, model='CNNText', model_dir='../../data/models', model_suffix='essay_at_least_1_teacher_referred_donor', num_layers=2, optim='Adam', patience=2, predict=False, prepare=True, prepare_dir='../../data/prepare/', pretrain=False, pretrain_model='None', reload_model_name='best_LSTMText_accuracy_2019-06-14-04-01-48', result_dir='../../data/results/', show_data=False, target_var='at_least_1_teacher_referred_donor', text_var='essay', train=True, vocab_data='vocab_essay_at_least_1_teacher_referred_donor.data', vocab_dir='../../data/vocab', weight_decay=0.0)
Checking the data files...
Checking the data files...
[34mAuto commit by fitlog[0m
Running with args:Namespace(batch_size=128, cuda=True, data_dir='../../data', data_src='all_data', dropout=0.3, embed_size=128, epochs=4, gpu='1', hidden_size=128, learning_rate=0.001, log_path='./run_records.log', max_seq_len=500, min_count=10, model='CNNText', model_dir='../../data/models', model_suffix='essay_at_least_1_green_donation', num_layers=2, optim='Adam', patience=2, predict=False, prepare=True, prepare_dir='../../data/prepare/', pretrain=False, pretrain_model='None', reload_model_name='best_LSTMText_accuracy_2019-06-14-04-01-48', result_dir='../../data/results/', show_data=False, target_var='at_least_1_green_donation', text_var='essay', train=True, vocab_data='vocab_essay_at_least_1_green_donation.data', vocab_dir='../../data/vocab', weight_decay=0.0)
Checking the data files...
Checking the data files...
[34mAuto commit by fitlog[0m
Running with args:Namespace(batch_size=128, cuda=True, data_dir='../../data', data_src='all_data', dropout=0.3, embed_size=128, epochs=4, gpu='1', hidden_size=128, learning_rate=0.001, log_path='./run_records.log', max_seq_len=500, min_count=10, model='CNNText', model_dir='../../data/models', model_suffix='essay_three_or_more_non_teacher_referred_donors', num_layers=2, optim='Adam', patience=2, predict=False, prepare=True, prepare_dir='../../data/prepare/', pretrain=False, pretrain_model='None', reload_model_name='best_LSTMText_accuracy_2019-06-14-04-01-48', result_dir='../../data/results/', show_data=False, target_var='three_or_more_non_teacher_referred_donors', text_var='essay', train=True, vocab_data='vocab_essay_three_or_more_non_teacher_referred_donors.data', vocab_dir='../../data/vocab', weight_decay=0.0)
Checking the data files...
Checking the data files...
[34mAuto commit by fitlog[0m
Running with args:Namespace(batch_size=128, cuda=True, data_dir='../../data', data_src='all_data', dropout=0.3, embed_size=128, epochs=4, gpu='1', hidden_size=128, learning_rate=0.001, log_path='./run_records.log', max_seq_len=500, min_count=10, model='CNNText', model_dir='../../data/models', model_suffix='essay_one_non_teacher_referred_donor_giving_100_plus', num_layers=2, optim='Adam', patience=2, predict=False, prepare=True, prepare_dir='../../data/prepare/', pretrain=False, pretrain_model='None', reload_model_name='best_LSTMText_accuracy_2019-06-14-04-01-48', result_dir='../../data/results/', show_data=False, target_var='one_non_teacher_referred_donor_giving_100_plus', text_var='essay', train=True, vocab_data='vocab_essay_one_non_teacher_referred_donor_giving_100_plus.data', vocab_dir='../../data/vocab', weight_decay=0.0)
Checking the data files...
Checking the data files...
